running egg_info
creating ../../build/basics/basics.egg-info
writing ../../build/basics/basics.egg-info/PKG-INFO
writing dependency_links to ../../build/basics/basics.egg-info/dependency_links.txt
writing entry points to ../../build/basics/basics.egg-info/entry_points.txt
writing requirements to ../../build/basics/basics.egg-info/requires.txt
writing top-level names to ../../build/basics/basics.egg-info/top_level.txt
writing manifest file '../../build/basics/basics.egg-info/SOURCES.txt'
reading manifest file '../../build/basics/basics.egg-info/SOURCES.txt'
writing manifest file '../../build/basics/basics.egg-info/SOURCES.txt'
running build
running build_py
creating /home/robomancries/ros_projects/build/basics/build
creating /home/robomancries/ros_projects/build/basics/build/lib
creating /home/robomancries/ros_projects/build/basics/build/lib/basics
copying basics/__init__.py -> /home/robomancries/ros_projects/build/basics/build/lib/basics
running install
running install_lib
creating /home/robomancries/ros_projects/install/basics/lib/python3.10/site-packages/basics
copying /home/robomancries/ros_projects/build/basics/build/lib/basics/__init__.py -> /home/robomancries/ros_projects/install/basics/lib/python3.10/site-packages/basics
byte-compiling /home/robomancries/ros_projects/install/basics/lib/python3.10/site-packages/basics/__init__.py to __init__.cpython-310.pyc
running install_data
creating /home/robomancries/ros_projects/install/basics/share/ament_index
creating /home/robomancries/ros_projects/install/basics/share/ament_index/resource_index
creating /home/robomancries/ros_projects/install/basics/share/ament_index/resource_index/packages
copying resource/basics -> /home/robomancries/ros_projects/install/basics/share/ament_index/resource_index/packages
copying package.xml -> /home/robomancries/ros_projects/install/basics/share/basics
running install_egg_info
Copying ../../build/basics/basics.egg-info to /home/robomancries/ros_projects/install/basics/lib/python3.10/site-packages/basics-0.0.0-py3.10.egg-info
running install_scripts
writing list of installed files to '/home/robomancries/ros_projects/build/basics/install.log'
