[0.244s] Invoking command in '/home/robomancries/ros_projects/src/basics': PYTHONPATH=/home/robomancries/ros_projects/build/basics/prefix_override:/home/robomancries/ros_projects/install/basics/lib/python3.10/site-packages:${PYTHONPATH} /usr/bin/python3 -W ignore:setup.py install is deprecated setup.py egg_info --egg-base ../../build/basics build --build-base /home/robomancries/ros_projects/build/basics/build install --record /home/robomancries/ros_projects/build/basics/install.log --single-version-externally-managed install_data
[0.328s] running egg_info
[0.328s] creating ../../build/basics/basics.egg-info
[0.328s] writing ../../build/basics/basics.egg-info/PKG-INFO
[0.328s] writing dependency_links to ../../build/basics/basics.egg-info/dependency_links.txt
[0.328s] writing entry points to ../../build/basics/basics.egg-info/entry_points.txt
[0.328s] writing requirements to ../../build/basics/basics.egg-info/requires.txt
[0.328s] writing top-level names to ../../build/basics/basics.egg-info/top_level.txt
[0.328s] writing manifest file '../../build/basics/basics.egg-info/SOURCES.txt'
[0.329s] reading manifest file '../../build/basics/basics.egg-info/SOURCES.txt'
[0.329s] writing manifest file '../../build/basics/basics.egg-info/SOURCES.txt'
[0.329s] running build
[0.329s] running build_py
[0.329s] creating /home/robomancries/ros_projects/build/basics/build
[0.329s] creating /home/robomancries/ros_projects/build/basics/build/lib
[0.329s] creating /home/robomancries/ros_projects/build/basics/build/lib/basics
[0.329s] copying basics/__init__.py -> /home/robomancries/ros_projects/build/basics/build/lib/basics
[0.329s] running install
[0.329s] running install_lib
[0.330s] creating /home/robomancries/ros_projects/install/basics/lib/python3.10/site-packages/basics
[0.330s] copying /home/robomancries/ros_projects/build/basics/build/lib/basics/__init__.py -> /home/robomancries/ros_projects/install/basics/lib/python3.10/site-packages/basics
[0.330s] byte-compiling /home/robomancries/ros_projects/install/basics/lib/python3.10/site-packages/basics/__init__.py to __init__.cpython-310.pyc
[0.330s] running install_data
[0.330s] creating /home/robomancries/ros_projects/install/basics/share/ament_index
[0.330s] creating /home/robomancries/ros_projects/install/basics/share/ament_index/resource_index
[0.330s] creating /home/robomancries/ros_projects/install/basics/share/ament_index/resource_index/packages
[0.330s] copying resource/basics -> /home/robomancries/ros_projects/install/basics/share/ament_index/resource_index/packages
[0.330s] copying package.xml -> /home/robomancries/ros_projects/install/basics/share/basics
[0.330s] running install_egg_info
[0.331s] Copying ../../build/basics/basics.egg-info to /home/robomancries/ros_projects/install/basics/lib/python3.10/site-packages/basics-0.0.0-py3.10.egg-info
[0.331s] running install_scripts
[0.339s] writing list of installed files to '/home/robomancries/ros_projects/build/basics/install.log'
[0.350s] Invoked command in '/home/robomancries/ros_projects/src/basics' returned '0': PYTHONPATH=/home/robomancries/ros_projects/build/basics/prefix_override:/home/robomancries/ros_projects/install/basics/lib/python3.10/site-packages:${PYTHONPATH} /usr/bin/python3 -W ignore:setup.py install is deprecated setup.py egg_info --egg-base ../../build/basics build --build-base /home/robomancries/ros_projects/build/basics/build install --record /home/robomancries/ros_projects/build/basics/install.log --single-version-externally-managed install_data
