[0.270s] Invoking command in '/home/robomancries/ros_projects/src/publisher_pkg': PYTHONPATH=/home/robomancries/ros_projects/build/publisher_pkg/prefix_override:/home/robomancries/ros_projects/install/publisher_pkg/lib/python3.10/site-packages:${PYTHONPATH} /usr/bin/python3 -W ignore:setup.py install is deprecated setup.py egg_info --egg-base ../../build/publisher_pkg build --build-base /home/robomancries/ros_projects/build/publisher_pkg/build install --record /home/robomancries/ros_projects/build/publisher_pkg/install.log --single-version-externally-managed install_data
[0.367s] running egg_info
[0.367s] writing ../../build/publisher_pkg/publisher_pkg.egg-info/PKG-INFO
[0.367s] writing dependency_links to ../../build/publisher_pkg/publisher_pkg.egg-info/dependency_links.txt
[0.368s] writing entry points to ../../build/publisher_pkg/publisher_pkg.egg-info/entry_points.txt
[0.368s] writing requirements to ../../build/publisher_pkg/publisher_pkg.egg-info/requires.txt
[0.368s] writing top-level names to ../../build/publisher_pkg/publisher_pkg.egg-info/top_level.txt
[0.368s] reading manifest file '../../build/publisher_pkg/publisher_pkg.egg-info/SOURCES.txt'
[0.369s] writing manifest file '../../build/publisher_pkg/publisher_pkg.egg-info/SOURCES.txt'
[0.369s] running build
[0.369s] running build_py
[0.369s] running install
[0.369s] running install_lib
[0.370s] running install_data
[0.370s] running install_egg_info
[0.371s] removing '/home/robomancries/ros_projects/install/publisher_pkg/lib/python3.10/site-packages/publisher_pkg-0.0.0-py3.10.egg-info' (and everything under it)
[0.371s] Copying ../../build/publisher_pkg/publisher_pkg.egg-info to /home/robomancries/ros_projects/install/publisher_pkg/lib/python3.10/site-packages/publisher_pkg-0.0.0-py3.10.egg-info
[0.371s] running install_scripts
[0.379s] Installing simple_publisher script to /home/robomancries/ros_projects/install/publisher_pkg/lib/publisher_pkg
[0.380s] writing list of installed files to '/home/robomancries/ros_projects/build/publisher_pkg/install.log'
[0.390s] Invoked command in '/home/robomancries/ros_projects/src/publisher_pkg' returned '0': PYTHONPATH=/home/robomancries/ros_projects/build/publisher_pkg/prefix_override:/home/robomancries/ros_projects/install/publisher_pkg/lib/python3.10/site-packages:${PYTHONPATH} /usr/bin/python3 -W ignore:setup.py install is deprecated setup.py egg_info --egg-base ../../build/publisher_pkg build --build-base /home/robomancries/ros_projects/build/publisher_pkg/build install --record /home/robomancries/ros_projects/build/publisher_pkg/install.log --single-version-externally-managed install_data
