[0.349s] Invoking command in '/home/robomancries/ros_projects/src/publisher_pkg': PYTHONPATH=/home/robomancries/ros_projects/build/publisher_pkg/prefix_override:/home/robomancries/ros_projects/install/publisher_pkg/lib/python3.10/site-packages:${PYTHONPATH} /usr/bin/python3 -W ignore:setup.py install is deprecated setup.py egg_info --egg-base ../../build/publisher_pkg build --build-base /home/robomancries/ros_projects/build/publisher_pkg/build install --record /home/robomancries/ros_projects/build/publisher_pkg/install.log --single-version-externally-managed install_data
[0.455s] running egg_info
[0.455s] writing ../../build/publisher_pkg/publisher_pkg.egg-info/PKG-INFO
[0.456s] writing dependency_links to ../../build/publisher_pkg/publisher_pkg.egg-info/dependency_links.txt
[0.456s] writing entry points to ../../build/publisher_pkg/publisher_pkg.egg-info/entry_points.txt
[0.456s] writing requirements to ../../build/publisher_pkg/publisher_pkg.egg-info/requires.txt
[0.456s] writing top-level names to ../../build/publisher_pkg/publisher_pkg.egg-info/top_level.txt
[0.457s] reading manifest file '../../build/publisher_pkg/publisher_pkg.egg-info/SOURCES.txt'
[0.458s] writing manifest file '../../build/publisher_pkg/publisher_pkg.egg-info/SOURCES.txt'
[0.458s] running build
[0.458s] running build_py
[0.458s] running install
[0.458s] running install_lib
[0.459s] running install_data
[0.459s] running install_egg_info
[0.460s] removing '/home/robomancries/ros_projects/install/publisher_pkg/lib/python3.10/site-packages/publisher_pkg-0.0.0-py3.10.egg-info' (and everything under it)
[0.460s] Copying ../../build/publisher_pkg/publisher_pkg.egg-info to /home/robomancries/ros_projects/install/publisher_pkg/lib/python3.10/site-packages/publisher_pkg-0.0.0-py3.10.egg-info
[0.461s] running install_scripts
[0.474s] Installing simple_publisher script to /home/robomancries/ros_projects/install/publisher_pkg/lib/publisher_pkg
[0.474s] writing list of installed files to '/home/robomancries/ros_projects/build/publisher_pkg/install.log'
[0.489s] Invoked command in '/home/robomancries/ros_projects/src/publisher_pkg' returned '0': PYTHONPATH=/home/robomancries/ros_projects/build/publisher_pkg/prefix_override:/home/robomancries/ros_projects/install/publisher_pkg/lib/python3.10/site-packages:${PYTHONPATH} /usr/bin/python3 -W ignore:setup.py install is deprecated setup.py egg_info --egg-base ../../build/publisher_pkg build --build-base /home/robomancries/ros_projects/build/publisher_pkg/build install --record /home/robomancries/ros_projects/build/publisher_pkg/install.log --single-version-externally-managed install_data
