[0.278s] Invoking command in '/home/robomancries/ros_projects/src/basics': PYTHONPATH=/home/robomancries/ros_projects/build/basics/prefix_override:/home/robomancries/ros_projects/install/basics/lib/python3.10/site-packages:${PYTHONPATH} /usr/bin/python3 -W ignore:setup.py install is deprecated setup.py egg_info --egg-base ../../build/basics build --build-base /home/robomancries/ros_projects/build/basics/build install --record /home/robomancries/ros_projects/build/basics/install.log --single-version-externally-managed install_data
[0.380s] running egg_info
[0.380s] writing ../../build/basics/basics.egg-info/PKG-INFO
[0.381s] writing dependency_links to ../../build/basics/basics.egg-info/dependency_links.txt
[0.381s] writing entry points to ../../build/basics/basics.egg-info/entry_points.txt
[0.381s] writing requirements to ../../build/basics/basics.egg-info/requires.txt
[0.381s] writing top-level names to ../../build/basics/basics.egg-info/top_level.txt
[0.383s] reading manifest file '../../build/basics/basics.egg-info/SOURCES.txt'
[0.383s] writing manifest file '../../build/basics/basics.egg-info/SOURCES.txt'
[0.384s] running build
[0.384s] running build_py
[0.384s] copying basics/groot.py -> /home/robomancries/ros_projects/build/basics/build/lib/basics
[0.384s] running install
[0.385s] running install_lib
[0.385s] copying /home/robomancries/ros_projects/build/basics/build/lib/basics/groot.py -> /home/robomancries/ros_projects/install/basics/lib/python3.10/site-packages/basics
[0.385s] byte-compiling /home/robomancries/ros_projects/install/basics/lib/python3.10/site-packages/basics/groot.py to groot.cpython-310.pyc
[0.386s] running install_data
[0.386s] copying launch/basics_launch_file.launch.py -> /home/robomancries/ros_projects/install/basics/share/basics
[0.386s] running install_egg_info
[0.386s] removing '/home/robomancries/ros_projects/install/basics/lib/python3.10/site-packages/basics-0.0.0-py3.10.egg-info' (and everything under it)
[0.387s] Copying ../../build/basics/basics.egg-info to /home/robomancries/ros_projects/install/basics/lib/python3.10/site-packages/basics-0.0.0-py3.10.egg-info
[0.387s] running install_scripts
[0.394s] Installing groot script to /home/robomancries/ros_projects/install/basics/lib/basics
[0.394s] writing list of installed files to '/home/robomancries/ros_projects/build/basics/install.log'
[0.405s] Invoked command in '/home/robomancries/ros_projects/src/basics' returned '0': PYTHONPATH=/home/robomancries/ros_projects/build/basics/prefix_override:/home/robomancries/ros_projects/install/basics/lib/python3.10/site-packages:${PYTHONPATH} /usr/bin/python3 -W ignore:setup.py install is deprecated setup.py egg_info --egg-base ../../build/basics build --build-base /home/robomancries/ros_projects/build/basics/build install --record /home/robomancries/ros_projects/build/basics/install.log --single-version-externally-managed install_data
