running egg_info
writing ../../build/basics/basics.egg-info/PKG-INFO
writing dependency_links to ../../build/basics/basics.egg-info/dependency_links.txt
writing entry points to ../../build/basics/basics.egg-info/entry_points.txt
writing requirements to ../../build/basics/basics.egg-info/requires.txt
writing top-level names to ../../build/basics/basics.egg-info/top_level.txt
reading manifest file '../../build/basics/basics.egg-info/SOURCES.txt'
writing manifest file '../../build/basics/basics.egg-info/SOURCES.txt'
running build
running build_py
running install
running install_lib
creating /Users/diysumit/ROS_Projects/install/basics/lib/python3.11/site-packages/basics
copying /Users/diysumit/ROS_Projects/build/basics/build/lib/basics/groot.py -> /Users/diysumit/ROS_Projects/install/basics/lib/python3.11/site-packages/basics
copying /Users/diysumit/ROS_Projects/build/basics/build/lib/basics/__init__.py -> /Users/diysumit/ROS_Projects/install/basics/lib/python3.11/site-packages/basics
byte-compiling /Users/diysumit/ROS_Projects/install/basics/lib/python3.11/site-packages/basics/groot.py to groot.cpython-311.pyc
byte-compiling /Users/diysumit/ROS_Projects/install/basics/lib/python3.11/site-packages/basics/__init__.py to __init__.cpython-311.pyc
running install_data
running install_egg_info
Copying ../../build/basics/basics.egg-info to /Users/diysumit/ROS_Projects/install/basics/lib/python3.11/site-packages/basics-0.0.0-py3.11.egg-info
running install_scripts
Installing groot script to /Users/diysumit/ROS_Projects/install/basics/lib/basics
writing list of installed files to '/Users/diysumit/ROS_Projects/build/basics/install.log'
