[0.350s] Invoking command in '/home/robomancries/ros_projects/src/basics': PYTHONPATH=/home/robomancries/ros_projects/build/basics/prefix_override:/home/robomancries/ros_projects/install/basics/lib/python3.10/site-packages:${PYTHONPATH} /usr/bin/python3 -W ignore:setup.py install is deprecated setup.py egg_info --egg-base ../../build/basics build --build-base /home/robomancries/ros_projects/build/basics/build install --record /home/robomancries/ros_projects/build/basics/install.log --single-version-externally-managed install_data
[0.459s] running egg_info
[0.459s] writing ../../build/basics/basics.egg-info/PKG-INFO
[0.459s] writing dependency_links to ../../build/basics/basics.egg-info/dependency_links.txt
[0.459s] writing entry points to ../../build/basics/basics.egg-info/entry_points.txt
[0.459s] writing requirements to ../../build/basics/basics.egg-info/requires.txt
[0.460s] writing top-level names to ../../build/basics/basics.egg-info/top_level.txt
[0.460s] reading manifest file '../../build/basics/basics.egg-info/SOURCES.txt'
[0.461s] writing manifest file '../../build/basics/basics.egg-info/SOURCES.txt'
[0.461s] running build
[0.461s] running build_py
[0.461s] running install
[0.462s] running install_lib
[0.462s] running install_data
[0.462s] running install_egg_info
[0.463s] removing '/home/robomancries/ros_projects/install/basics/lib/python3.10/site-packages/basics-0.0.0-py3.10.egg-info' (and everything under it)
[0.464s] Copying ../../build/basics/basics.egg-info to /home/robomancries/ros_projects/install/basics/lib/python3.10/site-packages/basics-0.0.0-py3.10.egg-info
[0.464s] running install_scripts
[0.477s] Installing groot script to /home/robomancries/ros_projects/install/basics/lib/basics
[0.478s] writing list of installed files to '/home/robomancries/ros_projects/build/basics/install.log'
[0.497s] Invoked command in '/home/robomancries/ros_projects/src/basics' returned '0': PYTHONPATH=/home/robomancries/ros_projects/build/basics/prefix_override:/home/robomancries/ros_projects/install/basics/lib/python3.10/site-packages:${PYTHONPATH} /usr/bin/python3 -W ignore:setup.py install is deprecated setup.py egg_info --egg-base ../../build/basics build --build-base /home/robomancries/ros_projects/build/basics/build install --record /home/robomancries/ros_projects/build/basics/install.log --single-version-externally-managed install_data
