running egg_info
writing ../../build/publisher_pkg/publisher_pkg.egg-info/PKG-INFO
writing dependency_links to ../../build/publisher_pkg/publisher_pkg.egg-info/dependency_links.txt
writing entry points to ../../build/publisher_pkg/publisher_pkg.egg-info/entry_points.txt
writing requirements to ../../build/publisher_pkg/publisher_pkg.egg-info/requires.txt
writing top-level names to ../../build/publisher_pkg/publisher_pkg.egg-info/top_level.txt
reading manifest file '../../build/publisher_pkg/publisher_pkg.egg-info/SOURCES.txt'
writing manifest file '../../build/publisher_pkg/publisher_pkg.egg-info/SOURCES.txt'
running build
running build_py
running install
running install_lib
creating /Users/diysumit/ROS_Projects/install/publisher_pkg/lib/python3.11/site-packages/publisher_pkg
copying /Users/diysumit/ROS_Projects/build/publisher_pkg/build/lib/publisher_pkg/__init__.py -> /Users/diysumit/ROS_Projects/install/publisher_pkg/lib/python3.11/site-packages/publisher_pkg
copying /Users/diysumit/ROS_Projects/build/publisher_pkg/build/lib/publisher_pkg/simple_publisher.py -> /Users/diysumit/ROS_Projects/install/publisher_pkg/lib/python3.11/site-packages/publisher_pkg
byte-compiling /Users/diysumit/ROS_Projects/install/publisher_pkg/lib/python3.11/site-packages/publisher_pkg/__init__.py to __init__.cpython-311.pyc
byte-compiling /Users/diysumit/ROS_Projects/install/publisher_pkg/lib/python3.11/site-packages/publisher_pkg/simple_publisher.py to simple_publisher.cpython-311.pyc
running install_data
running install_egg_info
Copying ../../build/publisher_pkg/publisher_pkg.egg-info to /Users/diysumit/ROS_Projects/install/publisher_pkg/lib/python3.11/site-packages/publisher_pkg-0.0.0-py3.11.egg-info
running install_scripts
Installing simple_publisher script to /Users/diysumit/ROS_Projects/install/publisher_pkg/lib/publisher_pkg
writing list of installed files to '/Users/diysumit/ROS_Projects/build/publisher_pkg/install.log'
