[0.131s] DEBUG:colcon:Command line arguments: ['/usr/bin/colcon', 'list', '-p', '--base-paths', '/home/robomancries/ros_projects']
[0.137s] DEBUG:colcon:Parsed command line arguments: Namespace(log_base=None, log_level=None, verb_name='list', build_base='build', ignore_user_meta=False, metas=['./colcon.meta'], base_paths=['/home/robomancries/ros_projects'], packages_ignore=None, packages_ignore_regex=None, paths=None, packages_up_to=None, packages_up_to_regex=None, packages_above=None, packages_above_and_dependencies=None, packages_above_depth=None, packages_select_by_dep=None, packages_skip_by_dep=None, packages_skip_up_to=None, packages_select_build_failed=False, packages_skip_build_finished=False, packages_select_test_failures=False, packages_skip_test_passed=False, packages_select=None, packages_skip=None, packages_select_regex=None, packages_skip_regex=None, packages_start=None, packages_end=None, allow_overriding=[], topological_order=False, names_only=False, paths_only=True, topological_graph=False, topological_graph_dot=False, topological_graph_density=False, topological_graph_legend=False, topological_graph_dot_cluster=False, topological_graph_dot_include_skipped=False, mixin_files=None, mixin=None, verb_parser=<colcon_mixin.mixin.mixin_argument.MixinArgumentDecorator object at 0xe02e3412abc0>, verb_extension=<colcon_package_information.verb.list.ListVerb object at 0xe02e34129960>, main=<bound method ListVerb.main of <colcon_package_information.verb.list.ListVerb object at 0xe02e34129960>>, mixin_verb=('list',))
[0.432s] Level 1:colcon.colcon_core.package_discovery:discover_packages(colcon_meta) check parameters
[0.433s] Level 1:colcon.colcon_core.package_discovery:discover_packages(recursive) check parameters
[0.433s] Level 1:colcon.colcon_core.package_discovery:discover_packages(ignore) check parameters
[0.433s] Level 1:colcon.colcon_core.package_discovery:discover_packages(path) check parameters
[0.433s] Level 1:colcon.colcon_core.package_discovery:discover_packages(recursive) discover
[0.433s] INFO:colcon.colcon_core.package_discovery:Crawling recursively for packages in '/home/robomancries/ros_projects'
[0.433s] Level 1:colcon.colcon_core.package_identification:_identify(/home/robomancries/ros_projects) by extensions ['ignore', 'ignore_ament_install']
[0.433s] Level 1:colcon.colcon_core.package_identification:_identify(/home/robomancries/ros_projects) by extension 'ignore'
[0.433s] Level 1:colcon.colcon_core.package_identification:_identify(/home/robomancries/ros_projects) by extension 'ignore_ament_install'
[0.433s] Level 1:colcon.colcon_core.package_identification:_identify(/home/robomancries/ros_projects) by extensions ['colcon_pkg']
[0.433s] Level 1:colcon.colcon_core.package_identification:_identify(/home/robomancries/ros_projects) by extension 'colcon_pkg'
[0.433s] Level 1:colcon.colcon_core.package_identification:_identify(/home/robomancries/ros_projects) by extensions ['colcon_meta']
[0.433s] Level 1:colcon.colcon_core.package_identification:_identify(/home/robomancries/ros_projects) by extension 'colcon_meta'
[0.433s] Level 1:colcon.colcon_core.package_identification:_identify(/home/robomancries/ros_projects) by extensions ['ros']
[0.433s] Level 1:colcon.colcon_core.package_identification:_identify(/home/robomancries/ros_projects) by extension 'ros'
[0.487s] Level 1:colcon.colcon_core.package_identification:_identify(/home/robomancries/ros_projects) by extensions ['cmake', 'python']
[0.487s] Level 1:colcon.colcon_core.package_identification:_identify(/home/robomancries/ros_projects) by extension 'cmake'
[0.487s] Level 1:colcon.colcon_core.package_identification:_identify(/home/robomancries/ros_projects) by extension 'python'
[0.487s] Level 1:colcon.colcon_core.package_identification:_identify(/home/robomancries/ros_projects) by extensions ['python_setup_py']
[0.487s] Level 1:colcon.colcon_core.package_identification:_identify(/home/robomancries/ros_projects) by extension 'python_setup_py'
[0.487s] Level 1:colcon.colcon_core.package_identification:_identify(/home/robomancries/ros_projects/build) by extensions ['ignore', 'ignore_ament_install']
[0.487s] Level 1:colcon.colcon_core.package_identification:_identify(/home/robomancries/ros_projects/build) by extension 'ignore'
[0.487s] Level 1:colcon.colcon_core.package_identification:_identify(/home/robomancries/ros_projects/build) ignored
[0.487s] Level 1:colcon.colcon_core.package_identification:_identify(/home/robomancries/ros_projects/install) by extensions ['ignore', 'ignore_ament_install']
[0.487s] Level 1:colcon.colcon_core.package_identification:_identify(/home/robomancries/ros_projects/install) by extension 'ignore'
[0.487s] Level 1:colcon.colcon_core.package_identification:_identify(/home/robomancries/ros_projects/install) ignored
[0.487s] Level 1:colcon.colcon_core.package_identification:_identify(/home/robomancries/ros_projects/log) by extensions ['ignore', 'ignore_ament_install']
[0.487s] Level 1:colcon.colcon_core.package_identification:_identify(/home/robomancries/ros_projects/log) by extension 'ignore'
[0.487s] Level 1:colcon.colcon_core.package_identification:_identify(/home/robomancries/ros_projects/log) ignored
[0.487s] Level 1:colcon.colcon_core.package_identification:_identify(/home/robomancries/ros_projects/src) by extensions ['ignore', 'ignore_ament_install']
[0.487s] Level 1:colcon.colcon_core.package_identification:_identify(/home/robomancries/ros_projects/src) by extension 'ignore'
[0.487s] Level 1:colcon.colcon_core.package_identification:_identify(/home/robomancries/ros_projects/src) by extension 'ignore_ament_install'
[0.487s] Level 1:colcon.colcon_core.package_identification:_identify(/home/robomancries/ros_projects/src) by extensions ['colcon_pkg']
[0.487s] Level 1:colcon.colcon_core.package_identification:_identify(/home/robomancries/ros_projects/src) by extension 'colcon_pkg'
[0.487s] Level 1:colcon.colcon_core.package_identification:_identify(/home/robomancries/ros_projects/src) by extensions ['colcon_meta']
[0.487s] Level 1:colcon.colcon_core.package_identification:_identify(/home/robomancries/ros_projects/src) by extension 'colcon_meta'
[0.487s] Level 1:colcon.colcon_core.package_identification:_identify(/home/robomancries/ros_projects/src) by extensions ['ros']
[0.487s] Level 1:colcon.colcon_core.package_identification:_identify(/home/robomancries/ros_projects/src) by extension 'ros'
[0.487s] Level 1:colcon.colcon_core.package_identification:_identify(/home/robomancries/ros_projects/src) by extensions ['cmake', 'python']
[0.487s] Level 1:colcon.colcon_core.package_identification:_identify(/home/robomancries/ros_projects/src) by extension 'cmake'
[0.487s] Level 1:colcon.colcon_core.package_identification:_identify(/home/robomancries/ros_projects/src) by extension 'python'
[0.487s] Level 1:colcon.colcon_core.package_identification:_identify(/home/robomancries/ros_projects/src) by extensions ['python_setup_py']
[0.487s] Level 1:colcon.colcon_core.package_identification:_identify(/home/robomancries/ros_projects/src) by extension 'python_setup_py'
[0.488s] Level 1:colcon.colcon_core.package_identification:_identify(/home/robomancries/ros_projects/src/basics) by extensions ['ignore', 'ignore_ament_install']
[0.488s] Level 1:colcon.colcon_core.package_identification:_identify(/home/robomancries/ros_projects/src/basics) by extension 'ignore'
[0.488s] Level 1:colcon.colcon_core.package_identification:_identify(/home/robomancries/ros_projects/src/basics) by extension 'ignore_ament_install'
[0.488s] Level 1:colcon.colcon_core.package_identification:_identify(/home/robomancries/ros_projects/src/basics) by extensions ['colcon_pkg']
[0.488s] Level 1:colcon.colcon_core.package_identification:_identify(/home/robomancries/ros_projects/src/basics) by extension 'colcon_pkg'
[0.488s] Level 1:colcon.colcon_core.package_identification:_identify(/home/robomancries/ros_projects/src/basics) by extensions ['colcon_meta']
[0.488s] Level 1:colcon.colcon_core.package_identification:_identify(/home/robomancries/ros_projects/src/basics) by extension 'colcon_meta'
[0.488s] Level 1:colcon.colcon_core.package_identification:_identify(/home/robomancries/ros_projects/src/basics) by extensions ['ros']
[0.488s] Level 1:colcon.colcon_core.package_identification:_identify(/home/robomancries/ros_projects/src/basics) by extension 'ros'
[0.498s] DEBUG:colcon.colcon_core.package_identification:Package '/home/robomancries/ros_projects/src/basics' with type 'ros.ament_python' and name 'basics'
[0.498s] Level 1:colcon.colcon_core.package_discovery:discover_packages(recursive) using defaults
